[2014-08-24 07:08:44] [E_NOTICE: Undefined variable: hola] [IN FILE C:\xampp\htdocs\framework\app\Views\demo\index.php] [LINE 7]
[2014-08-24 07:08:28] [E_NOTICE: Undefined variable: hola] [IN FILE C:\xampp\htdocs\framework\app\Views\demo\index.php] [LINE 7]
[2014-08-25 05:08:58] [E_NOTICE: Undefined variable: hola] [IN FILE C:\xampp\htdocs\framework\app\Views\demo\index.php] [LINE 7]
[2014-08-25 06:08:14] [E_NOTICE: Undefined variable: pagination] [IN FILE C:\xampp\htdocs\framework\app\Views\demo\index.php] [LINE 36]
[2014-08-25 07:08:39] [E_NOTICE: Undefined variable: hola] [IN FILE C:\xampp\htdocs\framework\app\Views\demo\index.php] [LINE 7]
[2014-08-25 07:08:59] [E_NOTICE: Undefined variable: hola] [IN FILE C:\xampp\htdocs\framework\app\Views\demo\index.php] [LINE 7]
[2014-08-25 07:08:38] [E_NOTICE: Undefined variable: connection] [IN FILE C:\xampp\htdocs\framework\app\Controllers\DemoController.php] [LINE 105]
[2014-08-25 07:08:52] [E_NOTICE: Undefined variable: models] [IN FILE C:\xampp\htdocs\framework\app\Views\demo\index.php] [LINE 34]
[2014-08-25 07:08:07] [E_NOTICE: Undefined variable: model] [IN FILE C:\xampp\htdocs\framework\app\Controllers\DemoController.php] [LINE 125]
[2014-08-26 03:08:49] [E_WARNING: call_user_func() expects parameter 1 to be a valid callback, class 'DemoController' does not have a method 'register'] [IN FILE C:\xampp\htdocs\framework\framework\Model.php] [LINE 45]
[2014-08-26 03:08:12] [E_WARNING: call_user_func() expects parameter 1 to be a valid callback, class 'DemoController' does not have a method 'register'] [IN FILE C:\xampp\htdocs\framework\framework\Model.php] [LINE 45]
[2014-08-31 05:08:15] [E_NOTICE: Undefined variable: meta] [IN FILE C:\xampp\htdocs\framework\app\Views\layouts\demolayout.php] [LINE 5]
[2014-08-31 05:08:18] [E_NOTICE: Undefined variable: meta] [IN FILE C:\xampp\htdocs\framework\app\Views\layouts\demolayout.php] [LINE 5]
[2014-08-31 05:08:48] [E_NOTICE: Undefined variable: meta] [IN FILE C:\xampp\htdocs\framework\app\Views\layouts\demolayout.php] [LINE 5]
[2014-08-31 05:08:23] [E_NOTICE: Undefined variable: meta] [IN FILE C:\xampp\htdocs\framework\app\Views\layouts\demolayout.php] [LINE 5]
[2014-08-31 05:08:24] [E_NOTICE: Undefined variable: meta] [IN FILE C:\xampp\htdocs\framework\app\Views\layouts\demolayout.php] [LINE 5]
[2014-08-31 05:08:27] [E_NOTICE: Undefined variable: meta] [IN FILE C:\xampp\htdocs\framework\app\Views\layouts\demolayout.php] [LINE 5]
[2014-08-31 05:08:05] [E_NOTICE: Undefined variable: meta] [IN FILE C:\xampp\htdocs\framework\app\Views\layouts\demolayout.php] [LINE 5]
[2014-08-31 05:08:07] [E_NOTICE: Undefined variable: meta] [IN FILE C:\xampp\htdocs\framework\app\Views\layouts\demolayout.php] [LINE 5]
[2014-08-31 05:08:08] [E_NOTICE: Undefined variable: meta] [IN FILE C:\xampp\htdocs\framework\app\Views\layouts\demolayout.php] [LINE 5]
[2014-08-31 05:08:24] [E_NOTICE: Undefined variable: meta] [IN FILE C:\xampp\htdocs\framework\app\Views\layouts\demolayout.php] [LINE 5]
